Building DAG of jobs...
Relative file path './example/input/NCBI_pair/pair_bwa_hg19.bam' starts with './'. This is redundant and strongly discouraged. It can also lead to inconsistent results of the file-matching approach used by Snakemake. You can simply omit the './' for relative file paths.
Using shell: /usr/bin/bash
Provided cores: 1 (use --cores to define parallelism)
Rules claiming more threads will be scaled down.
Job counts:
	count	jobs
	1	GC_bias
	1	GC_counts
	1	all
	1	make_samples_yaml
	4

[Wed Aug 21 17:08:04 2024]
rule GC_counts:
    input: ./example/input/NCBI_pair/pair_bwa_hg19.bam
    output: /home/zjp/projects/cfDNAanalyzer/Griffin/snakemakes/griffin_GC_and_mappability_correction/result_pair_bwa_hg19/GC_counts/sample_name_1.GC_counts.txt
    jobid: 1
    wildcards: out_dir=/home/zjp/projects/cfDNAanalyzer/Griffin/snakemakes/griffin_GC_and_mappability_correction/result_pair_bwa_hg19, samples=sample_name_1

[Wed Aug 21 17:08:06 2024]
Error in rule GC_counts:
    jobid: 1
    output: /home/zjp/projects/cfDNAanalyzer/Griffin/snakemakes/griffin_GC_and_mappability_correction/result_pair_bwa_hg19/GC_counts/sample_name_1.GC_counts.txt
    shell:
        time /home/zjp/projects/cfDNAanalyzer/Griffin/scripts/griffin_GC_counts.py 		--bam_file ./example/input/NCBI_pair/pair_bwa_hg19.bam 		--bam_file_name sample_name_1 		--mappable_regions_path /home/zjp/projects/cfDNAanalyzer/Griffin/Ref/k100_minus_exclusion_lists.mappable_regions.hg38.bed 		--ref_seq /home/zjp/projects/cfDNAanalyzer/example/input/hg38.fa 		--chrom_sizes /home/zjp/projects/cfDNAanalyzer/Griffin/Ref/hg38.standard.chrom.sizes 		--out_dir /home/zjp/projects/cfDNAanalyzer/Griffin/snakemakes/griffin_GC_and_mappability_correction/result_pair_bwa_hg19 		--map_q 20 		--size_range 15 500 		--CPU 8
        (one of the commands exited with non-zero exit code; note that snakemake uses bash strict mode!)

Shutting down, this might take some time.
Exiting because a job execution failed. Look above for error message
Complete log: /home/zjp/projects/cfDNAanalyzer/.snakemake/log/2024-08-21T170804.335007.snakemake.log
