Building DAG of jobs...
File path /home/zjp/projects/202312_cfDNA_integrated_tools//home/zjp/projects/202312_cfDNA_integrated_tools/input/NCBI_pair/sorted_pair_bwa_hg38.bam/NCBI_pair/pair_bwa_hg19.bam contains double '/'. This is likely unintended. It can also lead to inconsistent results of the file-matching approach used by Snakemake.
File path /home/zjp/projects/202312_cfDNA_integrated_tools//home/zjp/projects/202312_cfDNA_integrated_tools/input/NCBI_pair/sorted_pair_bwa_hg38.bam/NCBI_pair/pair_bwa_hg19.bam contains double '/'. This is likely unintended. It can also lead to inconsistent results of the file-matching approach used by Snakemake.
Using shell: /usr/bin/bash
Provided cores: 1 (use --cores to define parallelism)
Rules claiming more threads will be scaled down.
Job counts:
	count	jobs
	1	all
	1	make_samples_yaml
	2

[Thu Jun 13 21:31:09 2024]
rule make_samples_yaml:
    input: results/GC_bias/sample_name_1.GC_bias.txt
    output: results/samples.GC.yaml
    jobid: 2
    wildcards: out_dir=results

[Thu Jun 13 21:31:09 2024]
Finished job 2.
1 of 2 steps (50%) done

[Thu Jun 13 21:31:09 2024]
localrule all:
    input: results/GC_counts/sample_name_1.GC_counts.txt, results/GC_bias/sample_name_1.GC_bias.txt, results/GC_plots/sample_name_1.GC_bias.summary.pdf, results/samples.GC.yaml
    jobid: 0

[Thu Jun 13 21:31:09 2024]
Finished job 0.
2 of 2 steps (100%) done
Complete log: /home/zjp/projects/202312_cfDNA_integrated_tools/Griffin/snakemakes/griffin_GC_and_mappability_correction/.snakemake/log/2024-06-13T213109.237350.snakemake.log
