Building DAG of jobs...
Using shell: /usr/bin/bash
Provided cores: 1 (use --cores to define parallelism)
Rules claiming more threads will be scaled down.
Job counts:
	count	jobs
	1	GC_bias
	1	GC_counts
	1	all
	1	make_samples_yaml
	4

[Fri May 10 16:09:15 2024]
rule GC_counts:
    input: /home/zjp/projects/202312_cfDNA_integrated_tools/demo_bam_input/NCBI_single/single_bwa_hg19.bam
    output: results/GC_counts/sample_name_1.GC_counts.txt
    jobid: 1
    wildcards: out_dir=results, samples=sample_name_1

[Fri May 10 16:10:03 2024]
Error in rule GC_counts:
    jobid: 1
    output: results/GC_counts/sample_name_1.GC_counts.txt
    shell:
        time ../../scripts/griffin_GC_counts.py 		--bam_file /home/zjp/projects/202312_cfDNA_integrated_tools/demo_bam_input/NCBI_single/single_bwa_hg19.bam 		--bam_file_name sample_name_1 		--mappable_regions_path ../../Ref/k100_minus_exclusion_lists.mappable_regions.hg38.bed 		--ref_seq ../../Ref/hg38.fa 		--chrom_sizes ../../Ref/hg38.standard.chrom.sizes 		--out_dir results 		--map_q 20 		--size_range 15 500 		--CPU 8
        (one of the commands exited with non-zero exit code; note that snakemake uses bash strict mode!)

Shutting down, this might take some time.
Exiting because a job execution failed. Look above for error message
Complete log: /home/zjp/projects/202312_cfDNA_integrated_tools/Griffin/snakemakes/griffin_GC_and_mappability_correction/.snakemake/log/2024-05-10T160915.727588.snakemake.log
