Building DAG of jobs...
Using shell: /usr/bin/bash
Provided cores: 1 (use --cores to define parallelism)
Rules claiming more threads will be scaled down.
Job counts:
	count	jobs
	1	all
	1	calc_cov
	1	generate_plots
	1	merge_sites
	4

[Mon Apr 22 21:54:31 2024]
rule calc_cov:
    input: /home/zky/projects/202312_cfDNA_integrated_tools/demo_bam_input/demo8_tss_filtered/intersected.bam, /home/zky/projects/202312_cfDNA_integrated_tools/Griffin/demo/griffin_GC_correction_demo_files/expected_results/Healthy_demo.GC_bias.txt
    output: tmp/sample_name_1/tmp_bigWig/sample_name_1.uncorrected.bw, tmp/sample_name_1/tmp_bigWig/sample_name_1.GC_corrected.bw, tmp/sample_name_1/tmp_pybedtools
    jobid: 3
    wildcards: samples=sample_name_1

Removing temporary output file tmp/sample_name_1/tmp_pybedtools.
[Mon Apr 22 21:54:36 2024]
Finished job 3.
1 of 4 steps (25%) done

[Mon Apr 22 21:54:36 2024]
rule merge_sites:
    input: tmp/sample_name_1/tmp_bigWig/sample_name_1.uncorrected.bw, tmp/sample_name_1/tmp_bigWig/sample_name_1.GC_corrected.bw
    output: results/sample_name_1/sample_name_1.uncorrected.coverage.tsv, results/sample_name_1/sample_name_1.GC_corrected.coverage.tsv, tmp/sample_name_1/tmp_pybedtools2
    jobid: 1
    wildcards: samples=sample_name_1

Removing temporary output file tmp/sample_name_1/tmp_bigWig/sample_name_1.uncorrected.bw.
Removing temporary output file tmp/sample_name_1/tmp_bigWig/sample_name_1.GC_corrected.bw.
Removing temporary output file tmp/sample_name_1/tmp_pybedtools2.
[Mon Apr 22 21:54:49 2024]
Finished job 1.
2 of 4 steps (50%) done

[Mon Apr 22 21:54:49 2024]
rule generate_plots:
    input: results/sample_name_1/sample_name_1.uncorrected.coverage.tsv, results/sample_name_1/sample_name_1.GC_corrected.coverage.tsv
    output: results/plots/CTCF_demo.pdf
    jobid: 2

[Mon Apr 22 21:54:49 2024]
Error in rule generate_plots:
    jobid: 2
    output: results/plots/CTCF_demo.pdf
    shell:
        time ../../scripts/griffin_plot.py 		--in_dir results 		--samples_yaml config/samples.GC.yaml 		--mappability_correction False 		--save_window -1000 1000 		--step 15 		--individual False 		--out_dir results; 		find tmp -type d -empty -delete
        (one of the commands exited with non-zero exit code; note that snakemake uses bash strict mode!)

Shutting down, this might take some time.
Exiting because a job execution failed. Look above for error message
Complete log: /home/zjp/projects/202312_cfDNA_integrated_tools/Griffin/snakemakes/griffin_nucleosome_profiling/.snakemake/log/2024-04-22T215431.390203.snakemake.log
